  [1m[36m (1.2ms)[0m  [1mCREATE TABLE "schema_migrations" ("version" varchar NOT NULL) [0m
  [1m[35m (0.0ms)[0m  select sqlite_version(*)
  [1m[36m (1.0ms)[0m  [1mCREATE UNIQUE INDEX "unique_schema_migrations" ON "schema_migrations" ("version")[0m
  [1m[35mActiveRecord::SchemaMigration Load (0.1ms)[0m  SELECT "schema_migrations".* FROM "schema_migrations"
  [1m[36mActiveRecord::SchemaMigration Load (0.1ms)[0m  [1mSELECT "schema_migrations".* FROM "schema_migrations"[0m
Migrating to CreatePosts (20151230232412)
  [1m[35m (0.1ms)[0m  begin transaction
  [1m[36m (0.4ms)[0m  [1mCREATE TABLE "posts" ("id" INTEGER PRIMARY KEY AUTOINCREMENT NOT NULL, "title" varchar, "description" text, "created_at" datetime NOT NULL, "updated_at" datetime NOT NULL) [0m
  [1m[35mSQL (0.2ms)[0m  INSERT INTO "schema_migrations" ("version") VALUES (?)  [["version", "20151230232412"]]
  [1m[36m (1.3ms)[0m  [1mcommit transaction[0m
  [1m[35mActiveRecord::SchemaMigration Load (0.1ms)[0m  SELECT "schema_migrations".* FROM "schema_migrations"


Started GET "/" for 68.40.63.148 at 2018-05-16 13:12:42 +0000
  [1m[36mActiveRecord::SchemaMigration Load (0.2ms)[0m  [1mSELECT "schema_migrations".* FROM "schema_migrations"[0m
Processing by Rails::WelcomeController#index as HTML
  Rendered /usr/local/rvm/gems/ruby-2.3.1/gems/railties-4.2.10/lib/rails/templates/rails/welcome/index.html.erb (2.6ms)
Completed 200 OK in 27ms (Views: 15.3ms | ActiveRecord: 0.0ms)


Started GET "/" for 68.40.63.148 at 2018-05-16 13:26:18 +0000
  [1m[36mActiveRecord::SchemaMigration Load (0.1ms)[0m  [1mSELECT "schema_migrations".* FROM "schema_migrations"[0m
Processing by Rails::WelcomeController#index as HTML
  Rendered /usr/local/rvm/gems/ruby-2.3.1/gems/railties-4.2.10/lib/rails/templates/rails/welcome/index.html.erb (2.4ms)
Completed 200 OK in 24ms (Views: 13.2ms | ActiveRecord: 0.0ms)


Started GET "/posts" for 68.40.63.148 at 2018-05-16 13:26:28 +0000
Processing by PostsController#index as HTML
  [1m[35mPost Load (0.2ms)[0m  SELECT "posts".* FROM "posts"
  Rendered posts/index.html.erb within layouts/application (1.8ms)
Completed 200 OK in 394ms (Views: 386.2ms | ActiveRecord: 0.3ms)


Started GET "/assets/application.self-e80e8f2318043e8af94dddc2adad5a4f09739a8ebb323b3ab31cd71d45fd9113.css?body=1" for 68.40.63.148 at 2018-05-16 13:26:29 +0000


Started GET "/assets/jquery.self-bd7ddd393353a8d2480a622e80342adf488fb6006d667e8b42e4c0073393abee.js?body=1" for 68.40.63.148 at 2018-05-16 13:26:29 +0000


Started GET "/assets/jquery_ujs.self-784a997f6726036b1993eb2217c9cb558e1cbb801c6da88105588c56f13b466a.js?body=1" for 68.40.63.148 at 2018-05-16 13:26:29 +0000


Started GET "/assets/application.self-3b8dabdc891efe46b9a144b400ad69e37d7e5876bdc39dee783419a69d7ca819.js?body=1" for 68.40.63.148 at 2018-05-16 13:26:29 +0000


Started GET "/assets/turbolinks.self-2db6ec539b9190f75e1d477b305df53d12904d5cafdd47c7ffd91ba25cbec128.js?body=1" for 68.40.63.148 at 2018-05-16 13:26:29 +0000
  [1m[36mActiveRecord::SchemaMigration Load (0.1ms)[0m  [1mSELECT "schema_migrations".* FROM "schema_migrations"[0m
  [1m[35m (0.1ms)[0m  begin transaction
  [1m[36mSQL (0.3ms)[0m  [1mINSERT INTO "posts" ("title", "description", "created_at", "updated_at") VALUES (?, ?, ?, ?)[0m  [["title", "First Post"], ["description", "This is my first post and I am testing the description."], ["created_at", "2018-05-16 13:29:29.275115"], ["updated_at", "2018-05-16 13:29:29.275115"]]
  [1m[35m (2.4ms)[0m  commit transaction
  [1m[36m (0.0ms)[0m  [1mbegin transaction[0m
  [1m[35mSQL (0.2ms)[0m  INSERT INTO "posts" ("title", "description", "created_at", "updated_at") VALUES (?, ?, ?, ?)  [["title", "Second Post, Man!"], ["description", "Doing a second post and checking the website."], ["created_at", "2018-05-16 13:29:29.279420"], ["updated_at", "2018-05-16 13:29:29.279420"]]
  [1m[36m (1.6ms)[0m  [1mcommit transaction[0m
  [1m[35m (0.0ms)[0m  begin transaction
  [1m[36mSQL (0.2ms)[0m  [1mINSERT INTO "posts" ("title", "description", "created_at", "updated_at") VALUES (?, ?, ?, ?)[0m  [["title", "Last post for now"], ["description", "This here is the last post and I hope everything goes well."], ["created_at", "2018-05-16 13:29:29.282327"], ["updated_at", "2018-05-16 13:29:29.282327"]]
  [1m[35m (2.2ms)[0m  commit transaction
